2025-01-19 22:39:13,905 - INFO - Cargando archivo: Dataset 02-01-25.csv
2025-01-19 22:39:13,909 - INFO - Iniciando entrenamiento del modelo...
2025-01-19 22:39:13,910 - INFO - Preparando datos para entrenamiento...
2025-01-19 22:39:13,918 - INFO - Escalando features...
2025-01-19 22:39:13,919 - INFO - Entrenando modelo Random Forest...
2025-01-19 22:39:14,012 - INFO - 
Métricas del modelo de demanda:
2025-01-19 22:39:14,012 - INFO - MAE: 18.05
2025-01-19 22:39:14,012 - INFO - RMSE: 33.23
2025-01-19 22:39:14,012 - INFO - R2: 0.89
2025-01-19 22:39:14,035 - INFO - Modelo guardado en: models\demand_model_20250119_223914.joblib
2025-01-19 22:39:14,035 - INFO - Scaler guardado en: models\scaler_20250119_223914.joblib
2025-01-19 22:39:14,035 - INFO - Entrenamiento completado exitosamente
2025-01-19 22:39:14,035 - INFO - 
Probando predicciones para algunos productos:
2025-01-19 22:39:14,049 - INFO - 
Producto: PANECILLO CON QUINOA (3%) 110 g
2025-01-19 22:39:14,049 - INFO - Ventas actuales: nan
2025-01-19 22:39:14,050 - INFO - Predicción: 49.42
2025-01-19 22:39:14,064 - INFO - 
Producto: PAN PEPITO
2025-01-19 22:39:14,064 - INFO - Ventas actuales: nan
2025-01-19 22:39:14,064 - INFO - Predicción: 11.89
2025-01-19 22:39:14,078 - INFO - 
Producto: PAN VIENA ANDALUZA INTEGRAL DE TRIGO 10%
2025-01-19 22:39:14,078 - INFO - Ventas actuales: nan
2025-01-19 22:39:14,078 - INFO - Predicción: 111.43
